[2018-04-02 01:00:13.599] [exthost1] [info] extension host started
[2018-04-02 01:00:13.618] [exthost1] [info] ExtensionService#_doActivateExtension vscode.emmet {"startup":true,"activationEvent":"*"}
[2018-04-02 01:00:13.618] [exthost1] [info] ExtensionService#loadCommonJSModule /opt/visual-studio-code/resources/app/extensions/emmet/out/extension
[2018-04-02 01:00:13.657] [exthost1] [info] ExtensionService#_doActivateExtension vscode.git {"startup":true,"activationEvent":"*"}
[2018-04-02 01:00:13.657] [exthost1] [info] ExtensionService#loadCommonJSModule /opt/visual-studio-code/resources/app/extensions/git/out/main
[2018-04-02 01:00:13.727] [exthost1] [info] ExtensionService#_doActivateExtension vscode.merge-conflict {"startup":true,"activationEvent":"*"}
[2018-04-02 01:00:13.727] [exthost1] [info] ExtensionService#loadCommonJSModule /opt/visual-studio-code/resources/app/extensions/merge-conflict/out/extension
[2018-04-02 01:00:13.736] [exthost1] [info] eager extensions activated
[2018-04-02 01:02:48.211] [exthost1] [info] extension host started
[2018-04-02 01:02:48.224] [exthost1] [info] ExtensionService#_doActivateExtension vscode.emmet {"startup":true,"activationEvent":"*"}
[2018-04-02 01:02:48.224] [exthost1] [info] ExtensionService#loadCommonJSModule /opt/visual-studio-code/resources/app/extensions/emmet/out/extension
[2018-04-02 01:02:48.263] [exthost1] [info] ExtensionService#_doActivateExtension vscode.git {"startup":true,"activationEvent":"*"}
[2018-04-02 01:02:48.263] [exthost1] [info] ExtensionService#loadCommonJSModule /opt/visual-studio-code/resources/app/extensions/git/out/main
[2018-04-02 01:02:48.328] [exthost1] [info] ExtensionService#_doActivateExtension vscode.merge-conflict {"startup":true,"activationEvent":"*"}
[2018-04-02 01:02:48.328] [exthost1] [info] ExtensionService#loadCommonJSModule /opt/visual-studio-code/resources/app/extensions/merge-conflict/out/extension
[2018-04-02 01:02:48.336] [exthost1] [info] ExtensionService#_doActivateExtension ms-vscode.cpptools {"startup":true,"activationEvent":"*"}
[2018-04-02 01:02:48.336] [exthost1] [info] ExtensionService#loadCommonJSModule /home/genzix/.vscode/extensions/ms-vscode.cpptools-0.16.1/out/src/main
[2018-04-02 01:02:48.430] [exthost1] [info] ExtensionService#_doActivateExtension vscodevim.vim {"startup":true,"activationEvent":"*"}
[2018-04-02 01:02:48.430] [exthost1] [info] ExtensionService#loadCommonJSModule /home/genzix/.vscode/extensions/vscodevim.vim-0.11.3/out/extension
[2018-04-02 01:02:48.630] [exthost1] [info] eager extensions activated
[2018-04-02 01:02:51.972] [exthost1] [info] ExtensionService#_doActivateExtension vscode.html {"startup":false,"activationEvent":"onLanguage:html"}
[2018-04-02 01:02:51.972] [exthost1] [info] ExtensionService#loadCommonJSModule /opt/visual-studio-code/resources/app/extensions/html/client/out/htmlMain
[2018-04-02 01:03:10.794] [exthost1] [info] extension host started
[2018-04-02 01:03:10.806] [exthost1] [info] ExtensionService#_doActivateExtension vscode.emmet {"startup":true,"activationEvent":"*"}
[2018-04-02 01:03:10.806] [exthost1] [info] ExtensionService#loadCommonJSModule /opt/visual-studio-code/resources/app/extensions/emmet/out/extension
[2018-04-02 01:03:10.845] [exthost1] [info] ExtensionService#_doActivateExtension vscode.git {"startup":true,"activationEvent":"*"}
[2018-04-02 01:03:10.845] [exthost1] [info] ExtensionService#loadCommonJSModule /opt/visual-studio-code/resources/app/extensions/git/out/main
[2018-04-02 01:03:10.911] [exthost1] [info] ExtensionService#_doActivateExtension vscode.merge-conflict {"startup":true,"activationEvent":"*"}
[2018-04-02 01:03:10.911] [exthost1] [info] ExtensionService#loadCommonJSModule /opt/visual-studio-code/resources/app/extensions/merge-conflict/out/extension
[2018-04-02 01:03:10.920] [exthost1] [info] ExtensionService#_doActivateExtension vscodevim.vim {"startup":true,"activationEvent":"*"}
[2018-04-02 01:03:10.920] [exthost1] [info] ExtensionService#loadCommonJSModule /home/genzix/.vscode/extensions/vscodevim.vim-0.11.3/out/extension
[2018-04-02 01:03:11.109] [exthost1] [info] eager extensions activated
[2018-04-02 01:03:17.522] [exthost1] [info] ExtensionService#_doActivateExtension vscode.configuration-editing {"startup":false,"activationEvent":"onLanguage:jsonc"}
[2018-04-02 01:03:17.522] [exthost1] [info] ExtensionService#loadCommonJSModule /opt/visual-studio-code/resources/app/extensions/configuration-editing/out/extension
[2018-04-02 01:03:17.529] [exthost1] [info] ExtensionService#_doActivateExtension vscode.json {"startup":false,"activationEvent":"onLanguage:jsonc"}
[2018-04-02 01:03:17.529] [exthost1] [info] ExtensionService#loadCommonJSModule /opt/visual-studio-code/resources/app/extensions/json/client/out/jsonMain
