[2018-04-02 01:00:12.329] [sharedprocess] [info] main {"machineId":"ae3b0883d61de945216cb2dbc778fb5fd00ab569a1002cd6dcbe5b57a8e95411"}
[2018-04-02 01:00:12.345] [sharedprocess] [info] Scanned user extensions: 0
[2018-04-02 01:00:12.370] [sharedprocess] [info] Scanned system extensions: 65
[2018-04-02 01:00:13.414] [sharedprocess] [info] Scanned user extensions: 0
[2018-04-02 01:00:13.416] [sharedprocess] [info] Scanned user extensions: 0
[2018-04-02 01:00:13.417] [sharedprocess] [info] Scanned user extensions: 0
[2018-04-02 01:00:13.459] [sharedprocess] [info] Scanned system extensions: 65
[2018-04-02 01:00:13.460] [sharedprocess] [info] Scanned system extensions: 65
[2018-04-02 01:00:16.876] [sharedprocess] [info] Scanned user extensions: 0
[2018-04-02 01:00:21.240] [sharedprocess] [info] Scanned user extensions: 0
[2018-04-02 01:00:21.241] [sharedprocess] [info] Scanned user extensions: 0
[2018-04-02 01:00:21.241] [sharedprocess] [info] Scanned user extensions: 0
[2018-04-02 01:00:21.287] [sharedprocess] [info] Scanned system extensions: 65
[2018-04-02 01:00:21.289] [sharedprocess] [info] Scanned system extensions: 65
[2018-04-02 01:00:23.120] [sharedprocess] [info] Installing extension: python
[2018-04-02 01:00:26.244] [sharedprocess] [info] Downloaded extension: python
[2018-04-02 01:00:27.241] [sharedprocess] [info] Installing extension: cpptools
[2018-04-02 01:00:28.016] [sharedprocess] [info] Extracted extension to /home/genzix/.vscode/extensions/ms-python.python-2018.3.1: ms-python.python-2018.3.1
[2018-04-02 01:00:28.078] [sharedprocess] [info] Updated metadata of the extension: ms-python.python-2018.3.1
[2018-04-02 01:00:28.079] [sharedprocess] [info] Extensions installed successfully: ms-python.python
[2018-04-02 01:00:28.193] [sharedprocess] [info] Scanned user extensions: 1
[2018-04-02 01:00:28.195] [sharedprocess] [info] Scanned user extensions: 1
[2018-04-02 01:00:28.221] [sharedprocess] [info] Scanned system extensions: 65
[2018-04-02 01:00:28.225] [sharedprocess] [info] Scanned system extensions: 65
[2018-04-02 01:00:28.230] [sharedprocess] [info] Downloaded extension: cpptools
[2018-04-02 01:00:28.429] [sharedprocess] [info] Extracted extension to /home/genzix/.vscode/extensions/ms-vscode.cpptools-0.16.1: ms-vscode.cpptools-0.16.1
[2018-04-02 01:00:28.464] [sharedprocess] [info] Updated metadata of the extension: ms-vscode.cpptools-0.16.1
[2018-04-02 01:00:28.464] [sharedprocess] [info] Extensions installed successfully: ms-vscode.cpptools
[2018-04-02 01:00:28.575] [sharedprocess] [info] Scanned user extensions: 2
[2018-04-02 01:00:28.584] [sharedprocess] [info] Scanned system extensions: 65
[2018-04-02 01:00:31.596] [sharedprocess] [info] Installing extension: vim
[2018-04-02 01:00:32.470] [sharedprocess] [info] Downloaded extension: vim
[2018-04-02 01:00:33.079] [sharedprocess] [info] Extracted extension to /home/genzix/.vscode/extensions/vscodevim.vim-0.11.3: vscodevim.vim-0.11.3
[2018-04-02 01:00:33.112] [sharedprocess] [info] Updated metadata of the extension: vscodevim.vim-0.11.3
[2018-04-02 01:00:33.112] [sharedprocess] [info] Extensions installed successfully: vscodevim.vim
[2018-04-02 01:00:33.227] [sharedprocess] [info] Scanned user extensions: 3
[2018-04-02 01:00:33.229] [sharedprocess] [info] Scanned user extensions: 3
[2018-04-02 01:00:33.251] [sharedprocess] [info] Scanned system extensions: 65
[2018-04-02 01:00:33.252] [sharedprocess] [info] Scanned system extensions: 65
[2018-04-02 01:00:36.581] [sharedprocess] [info] Installing extension: vscode-java-debug
[2018-04-02 01:00:36.587] [sharedprocess] [info] Scanned user extensions: 3
[2018-04-02 01:00:36.596] [sharedprocess] [info] Scanned system extensions: 65
[2018-04-02 01:00:36.658] [sharedprocess] [info] Installing extension: java
[2018-04-02 01:00:37.607] [sharedprocess] [info] Downloaded extension: vscode-java-debug
[2018-04-02 01:00:37.641] [sharedprocess] [info] Extracted extension to /home/genzix/.vscode/extensions/vscjava.vscode-java-debug-0.7.0: vscjava.vscode-java-debug-0.7.0
[2018-04-02 01:00:37.679] [sharedprocess] [info] Updated metadata of the extension: vscjava.vscode-java-debug-0.7.0
[2018-04-02 01:00:40.504] [sharedprocess] [info] Downloaded extension: java
[2018-04-02 01:00:40.872] [sharedprocess] [info] Extracted extension to /home/genzix/.vscode/extensions/redhat.java-0.21.0: redhat.java-0.21.0
[2018-04-02 01:00:40.914] [sharedprocess] [info] Updated metadata of the extension: redhat.java-0.21.0
[2018-04-02 01:00:40.914] [sharedprocess] [info] Extensions installed successfully: vscjava.vscode-java-debug
[2018-04-02 01:00:40.914] [sharedprocess] [info] Extensions installed successfully: redhat.java
[2018-04-02 01:00:41.035] [sharedprocess] [info] Scanned user extensions: 5
[2018-04-02 01:00:41.038] [sharedprocess] [info] Scanned user extensions: 5
[2018-04-02 01:00:41.054] [sharedprocess] [info] Scanned system extensions: 65
[2018-04-02 01:00:41.056] [sharedprocess] [info] Scanned system extensions: 65
[2018-04-02 01:00:41.719] [sharedprocess] [info] Scanned user extensions: 5
[2018-04-02 01:00:41.721] [sharedprocess] [info] Scanned user extensions: 5
[2018-04-02 01:00:41.736] [sharedprocess] [info] Scanned system extensions: 65
[2018-04-02 01:00:41.738] [sharedprocess] [info] Scanned system extensions: 65
[2018-04-02 01:00:52.333] [sharedprocess] [info] Starting to clean up unused language packs.
[2018-04-02 01:01:40.688] [sharedprocess] [info] Installing extension: bash-debug
[2018-04-02 01:01:41.208] [sharedprocess] [info] Downloaded extension: bash-debug
[2018-04-02 01:01:41.263] [sharedprocess] [info] Extracted extension to /home/genzix/.vscode/extensions/rogalmic.bash-debug-0.1.1: rogalmic.bash-debug-0.1.1
[2018-04-02 01:01:41.307] [sharedprocess] [info] Updated metadata of the extension: rogalmic.bash-debug-0.1.1
[2018-04-02 01:01:41.307] [sharedprocess] [info] Extensions installed successfully: rogalmic.bash-debug
[2018-04-02 01:01:41.433] [sharedprocess] [info] Scanned user extensions: 6
[2018-04-02 01:01:41.449] [sharedprocess] [info] Scanned system extensions: 65
[2018-04-02 01:02:47.934] [sharedprocess] [info] Scanned user extensions: 6
[2018-04-02 01:02:47.940] [sharedprocess] [info] Scanned user extensions: 6
[2018-04-02 01:02:47.944] [sharedprocess] [info] Scanned user extensions: 6
[2018-04-02 01:02:47.957] [sharedprocess] [info] Scanned user extensions: 6
[2018-04-02 01:02:47.958] [sharedprocess] [info] Scanned user extensions: 6
[2018-04-02 01:02:47.987] [sharedprocess] [info] Scanned system extensions: 65
[2018-04-02 01:02:47.989] [sharedprocess] [info] Scanned system extensions: 65
[2018-04-02 01:02:47.991] [sharedprocess] [info] Scanned system extensions: 65
[2018-04-02 01:02:50.990] [sharedprocess] [info] Scanned user extensions: 6
[2018-04-02 01:02:57.053] [sharedprocess] [info] Installing extension: vscode-html-css
[2018-04-02 01:02:57.694] [sharedprocess] [info] Downloaded extension: vscode-html-css
[2018-04-02 01:02:57.974] [sharedprocess] [info] Extracted extension to /home/genzix/.vscode/extensions/ecmel.vscode-html-css-0.2.0: ecmel.vscode-html-css-0.2.0
[2018-04-02 01:02:58.008] [sharedprocess] [info] Updated metadata of the extension: ecmel.vscode-html-css-0.2.0
[2018-04-02 01:02:58.008] [sharedprocess] [info] Extensions installed successfully: ecmel.vscode-html-css
[2018-04-02 01:02:58.124] [sharedprocess] [info] Scanned user extensions: 7
[2018-04-02 01:02:58.138] [sharedprocess] [info] Scanned system extensions: 65
[2018-04-02 01:03:10.504] [sharedprocess] [info] Scanned user extensions: 7
[2018-04-02 01:03:10.507] [sharedprocess] [info] Scanned user extensions: 7
[2018-04-02 01:03:10.517] [sharedprocess] [info] Scanned user extensions: 7
[2018-04-02 01:03:10.530] [sharedprocess] [info] Scanned user extensions: 7
[2018-04-02 01:03:10.531] [sharedprocess] [info] Scanned user extensions: 7
[2018-04-02 01:03:10.560] [sharedprocess] [info] Scanned system extensions: 65
[2018-04-02 01:03:10.566] [sharedprocess] [info] Scanned system extensions: 65
[2018-04-02 01:03:10.570] [sharedprocess] [info] Scanned system extensions: 65
[2018-04-02 01:03:13.568] [sharedprocess] [info] Scanned user extensions: 7
